20241219	11:03:54	b0228262-5aea-4a28-82d2-ec6f9b7d518f	POST	/api/register	undefined
20241219	11:05:37	84bf925b-3d84-4d34-aae4-db1d3d7b6796	POST	/api/login	http://localhost:5173
20241219	11:05:37	eade09a4-6168-4d59-a62e-512658cb9dbf	GET	/views/404	http://localhost:5173
20241219	11:05:37	c6d11226-b5c3-4e7c-999a-4ceb62a383f4	GET	/views/404	http://localhost:5173
20241219	11:05:37	3336b208-a297-4b43-9cfb-b48b5f155bf9	GET	/views/404	http://localhost:5173
20241219	11:05:37	46656640-8187-43ae-8d18-011e97b75224	GET	/views/404	http://localhost:5173
20241219	11:05:37	db4c1719-5729-47a1-9c5d-3e4e5a7b9078	GET	/views/404	http://localhost:5173
20241219	11:05:37	e4777b94-56ac-424a-9ec7-70687fd55392	GET	/views/404	http://localhost:5173
20241219	11:05:37	b906cb29-70f1-44b3-bb6c-648d56d7855e	GET	/views/404	http://localhost:5173
20241219	11:05:37	14f1c449-4e3b-4fa2-8b2e-4cb3bcf46828	GET	/views/404	http://localhost:5173
20241219	11:05:37	a176642c-656f-4f0f-a457-a92a3de4143b	GET	/views/404	http://localhost:5173
20241219	11:05:37	58f8d637-0b99-4b3e-86c1-87fb8a089a41	GET	/views/404	http://localhost:5173
20241219	11:05:37	920cd071-5413-4542-924d-fceecb53efba	GET	/views/404	http://localhost:5173
20241219	11:05:37	8355ecfc-b1a6-40d0-9b52-9367787590bc	GET	/views/404	http://localhost:5173
20241219	11:05:37	20a2e8e8-778b-454a-bffd-01f850c22281	GET	/views/404	http://localhost:5173
20241219	11:05:37	80ca78ef-6ec3-4f4a-b96c-98c4a1523005	GET	/views/404	http://localhost:5173
20241219	11:05:37	21036897-0c14-4a40-95d4-69525e246b58	GET	/views/404	http://localhost:5173
20241219	11:05:37	d21a731c-97d7-4a1e-972b-9b8775aa568b	GET	/views/404	http://localhost:5173
20241219	11:05:37	ba7f35fe-e84f-4a1e-a29b-7537115bdb4d	GET	/views/404	http://localhost:5173
20241219	11:05:37	5253e130-72f6-44e3-b83b-4731ca3c586f	GET	/views/404	http://localhost:5173
20241219	11:05:37	d4099f43-247d-4364-800b-457318a2d42a	GET	/views/404	http://localhost:5173
20241219	11:05:37	68038da5-9512-4a31-967f-d6bcbb7cb200	GET	/views/404	http://localhost:5173
20241219	11:05:38	c3ead730-ff8c-42c7-9b2f-d81e03160e6c	POST	/api/login	http://localhost:5173
20241219	11:05:38	6ed04f47-07cb-4bf1-8c51-2c85a198d707	GET	/views/404	http://localhost:5173
20241219	11:05:38	762464b2-3289-491c-966a-e9735c79838c	GET	/views/404	http://localhost:5173
20241219	11:05:38	dca862e4-9f02-49d7-8078-13d2f0266fb7	GET	/views/404	http://localhost:5173
20241219	11:05:38	033cb85f-2f93-4f4e-8749-cd3416231100	GET	/views/404	http://localhost:5173
20241219	11:05:38	4fb47315-f637-4d5f-9962-6acd5154650b	GET	/views/404	http://localhost:5173
20241219	11:05:38	9ec215b4-9007-4181-8795-b18862b2fa52	GET	/views/404	http://localhost:5173
20241219	11:05:38	f2d1112f-96d3-4771-9e93-8f04e4ba4908	GET	/views/404	http://localhost:5173
20241219	11:05:38	0834dd14-fffb-4a84-bad7-d9fffc51bd4f	GET	/views/404	http://localhost:5173
20241219	11:05:38	ddfc4397-45cb-431e-8c1f-244a392b7eae	GET	/views/404	http://localhost:5173
20241219	11:05:38	b3fb6144-dca7-461f-8e64-4400e506f4c8	GET	/views/404	http://localhost:5173
20241219	11:05:38	a9546efc-3181-4470-85be-387f3170d08f	GET	/views/404	http://localhost:5173
20241219	11:05:38	8e5efad2-1296-4d62-beae-94180496921f	GET	/views/404	http://localhost:5173
20241219	11:05:38	26ab48ef-72be-4d7e-b69a-82d4b296b3c1	GET	/views/404	http://localhost:5173
20241219	11:05:38	1af07811-e5d9-4769-9012-b8210fe5191d	GET	/views/404	http://localhost:5173
20241219	11:05:38	1bd50695-99cf-415d-9aa8-1360050dbf1c	GET	/views/404	http://localhost:5173
20241219	11:05:38	d32bf738-ab42-4dcc-a409-b0a4e9090fde	GET	/views/404	http://localhost:5173
20241219	11:05:38	832ef1ec-54b4-428e-902a-dd929ead9bca	GET	/views/404	http://localhost:5173
20241219	11:05:38	88937494-2680-48a7-9245-37a86ad0936a	GET	/views/404	http://localhost:5173
20241219	11:05:38	8fd830b4-1310-4696-bd0f-0cbfff48be7f	GET	/views/404	http://localhost:5173
20241219	11:05:38	7fe6fa3e-7618-4ca9-9660-6a7b535f4a35	GET	/views/404	http://localhost:5173
20241219	11:06:54	9e16fdf0-a1b0-409d-a222-e1148de76a6a	POST	/api/login	http://localhost:5173
20241219	11:06:54	2be04deb-e013-489b-9ab0-8932d8b22e08	GET	/views/404	http://localhost:5173
20241219	11:06:54	d69e1e5a-050b-49e3-8fa6-83ef4693c797	GET	/views/404	http://localhost:5173
20241219	11:06:54	08fb2643-5994-43ba-bb36-adb1edcfb448	GET	/views/404	http://localhost:5173
20241219	11:06:54	f1cc2369-b021-4ba6-a300-578a4eefd4ad	GET	/views/404	http://localhost:5173
20241219	11:06:54	70476e92-980d-4cc4-aa50-31c1eb804098	GET	/views/404	http://localhost:5173
20241219	11:06:54	a8d67f05-6313-4915-9f54-db0143d6eab6	GET	/views/404	http://localhost:5173
20241219	11:06:54	14087d20-fd6c-403b-a13c-3b5645522160	GET	/views/404	http://localhost:5173
20241219	11:06:54	2b4c1728-26e0-4354-ba03-bfaf4c82efe2	GET	/views/404	http://localhost:5173
20241219	11:06:54	f87da025-11d9-4a38-a218-0d5d2ba15c34	GET	/views/404	http://localhost:5173
20241219	11:06:54	f755dfa6-fa92-4a96-976c-fecd0c06e95f	GET	/views/404	http://localhost:5173
20241219	11:06:54	db49b3d2-1b93-4cfa-aea9-60bbe0bca8b3	GET	/views/404	http://localhost:5173
20241219	11:06:54	ffbfc9f7-9846-477c-b728-1655e37098f0	GET	/views/404	http://localhost:5173
20241219	11:06:54	823d2ac8-9bac-4522-bd2b-3f6ad7a63364	GET	/views/404	http://localhost:5173
20241219	11:06:54	94e6b672-ab85-4dec-80a6-ed1d41ce4996	GET	/views/404	http://localhost:5173
20241219	11:06:54	c48a9791-ec7f-4927-9312-971fdb3a0741	GET	/views/404	http://localhost:5173
20241219	11:06:54	f76ba9b2-7a5e-4d95-b9e2-31f147c066fc	GET	/views/404	http://localhost:5173
20241219	11:06:54	68bdaf30-5a28-49c4-9930-586ec99cc876	GET	/views/404	http://localhost:5173
20241219	11:06:54	537cc3d4-e476-4f41-989e-e7e946d299a7	GET	/views/404	http://localhost:5173
20241219	11:06:54	7f411383-da90-4f17-99d3-56a2af93cf03	GET	/views/404	http://localhost:5173
20241219	11:06:54	6d989343-cf77-4398-94ce-72a075cd182b	GET	/views/404	http://localhost:5173
20241219	11:06:58	2ca5ff32-6643-49e4-a825-d4f82b1b2b45	POST	/api/login	http://localhost:5173
20241219	11:06:58	fc591029-f680-4924-8496-b6829357c52f	GET	/views/404	http://localhost:5173
20241219	11:06:58	467a2baa-62fd-47b6-b6db-f61ff9f7bd67	GET	/views/404	http://localhost:5173
20241219	11:06:58	91d2381d-de6c-4248-9f94-3096d8ee9b2e	GET	/views/404	http://localhost:5173
20241219	11:06:58	a0baf977-c24c-4502-93b8-d38c6d653fba	GET	/views/404	http://localhost:5173
20241219	11:06:58	2ca15846-99bc-4260-9119-f971249907a1	GET	/views/404	http://localhost:5173
20241219	11:06:58	1a52061c-44bf-48ee-aa3a-84910a204913	GET	/views/404	http://localhost:5173
20241219	11:06:58	79cb075a-2d34-4f98-80dd-f7b61ed1c115	GET	/views/404	http://localhost:5173
20241219	11:06:58	581834c0-43d4-4a17-ac4d-85d3a626d104	GET	/views/404	http://localhost:5173
20241219	11:06:58	d9c398f7-70f8-42fa-9c96-ad1fb338293f	GET	/views/404	http://localhost:5173
20241219	11:06:58	23f75889-3c45-4cc4-9cd8-b1c949711f3d	GET	/views/404	http://localhost:5173
20241219	11:06:58	2126c631-9e36-4eac-9282-37a47b397b47	GET	/views/404	http://localhost:5173
20241219	11:06:58	577f7b84-8f5c-4307-a8a1-a62b478f78db	GET	/views/404	http://localhost:5173
20241219	11:06:58	c26628b6-40b5-4407-86de-b414ee77686a	GET	/views/404	http://localhost:5173
20241219	11:06:58	1acff1eb-6b46-4b1b-8101-4f5e1cd05997	GET	/views/404	http://localhost:5173
20241219	11:06:58	9304905c-7a68-4cf9-86f3-79fa8bb06a9e	GET	/views/404	http://localhost:5173
20241219	11:06:58	6e2289b1-e3b0-44b3-8d36-97d8d6e17e94	GET	/views/404	http://localhost:5173
20241219	11:06:58	1ecb18f2-808b-45a1-818e-7375aed61c0d	GET	/views/404	http://localhost:5173
20241219	11:06:58	3f0736da-0e80-4d85-9128-115b68755588	GET	/views/404	http://localhost:5173
20241219	11:06:58	c6eacfd4-b946-46fe-83e5-4b3717467f0d	GET	/views/404	http://localhost:5173
20241219	11:06:58	5ca05aa5-fc96-4637-91b5-a9417b1e07ad	GET	/views/404	http://localhost:5173
20241219	11:06:58	0870acaa-afc7-4db3-bb79-2af117b54725	POST	/api/login	http://localhost:5173
20241219	11:06:58	1c960a18-086e-4eea-9b21-b45fbe8334e2	GET	/views/404	http://localhost:5173
20241219	11:06:58	a1fb4bcd-4f01-4aa9-8216-3dc9546b0865	GET	/views/404	http://localhost:5173
20241219	11:06:58	31b20448-95f7-4bb6-aef1-46e509afa126	GET	/views/404	http://localhost:5173
20241219	11:06:58	bb409edc-9b05-4e0e-b735-602e8e8c6ea9	GET	/views/404	http://localhost:5173
20241219	11:06:58	e4c12e16-1f54-4707-86b8-a4547a72ca73	GET	/views/404	http://localhost:5173
20241219	11:06:58	6f226857-2140-4edf-962c-3f010f729ab5	GET	/views/404	http://localhost:5173
20241219	11:06:58	69cbfaee-42f8-4187-a81b-901ff0896f77	GET	/views/404	http://localhost:5173
20241219	11:06:58	37e7e392-19a8-47a9-83c1-347a1c09f047	GET	/views/404	http://localhost:5173
20241219	11:06:58	1e6ced95-fa2c-4b35-9309-602264a0062b	GET	/views/404	http://localhost:5173
20241219	11:06:58	c13f4f74-42d9-4c48-8d9c-ecd6e35654eb	GET	/views/404	http://localhost:5173
20241219	11:06:58	97c7364f-2bff-40b1-b554-359e4a38ef84	GET	/views/404	http://localhost:5173
20241219	11:06:58	62d01d7e-c756-4cf2-ac59-bed917249883	GET	/views/404	http://localhost:5173
20241219	11:06:58	da5b42bb-f24f-4a4c-b446-7ee708935869	GET	/views/404	http://localhost:5173
20241219	11:06:58	0dfe5836-4267-489f-a16d-44692f67a328	GET	/views/404	http://localhost:5173
20241219	11:06:58	30d2c8d9-f4c9-493f-81bb-23846f5e3c49	GET	/views/404	http://localhost:5173
20241219	11:06:58	227a2ba2-12fe-47ae-9f05-efd4a4871a85	GET	/views/404	http://localhost:5173
20241219	11:06:58	7a059f11-5c5c-4caa-8f39-fd975efbb63b	GET	/views/404	http://localhost:5173
20241219	11:06:58	65ab6ff9-cde0-4220-b5c9-cfc0a4137b8b	GET	/views/404	http://localhost:5173
20241219	11:06:58	5e900712-259d-40c7-9deb-197dfd7fa5f0	GET	/views/404	http://localhost:5173
20241219	11:06:58	dd41e6fb-24ae-4182-8af3-648f3ea7983c	GET	/views/404	http://localhost:5173
20241219	11:07:59	7944c0cb-4117-44dc-b271-325bfb9f7d05	POST	/api/login	http://localhost:5173
20241219	11:07:59	68e76259-340f-4bdb-93bd-1d82616bda98	GET	/views/404	http://localhost:5173
20241219	11:07:59	94605e5f-0779-48f9-ba2a-5767d95e68ac	GET	/views/404	http://localhost:5173
20241219	11:07:59	4d61ea35-c7a1-48d9-8327-1f8e3a36dd88	GET	/views/404	http://localhost:5173
20241219	11:07:59	212eb54c-a50d-4290-b63e-d4250fdb0dff	GET	/views/404	http://localhost:5173
20241219	11:07:59	883e807a-bf47-43c7-876c-f5f9889b1602	GET	/views/404	http://localhost:5173
20241219	11:07:59	b74d0d67-5746-4c07-930a-4629b8a3c75f	GET	/views/404	http://localhost:5173
20241219	11:07:59	56221420-08c7-4c99-8b4a-0dee355698d8	GET	/views/404	http://localhost:5173
20241219	11:07:59	53d35045-1cad-4717-97e9-1365ed6b6c84	GET	/views/404	http://localhost:5173
20241219	11:07:59	085648d4-1df9-481a-bb07-575dfaf5f682	GET	/views/404	http://localhost:5173
20241219	11:07:59	96eb2835-2ae1-4ee4-9ff7-208802d73e61	GET	/views/404	http://localhost:5173
20241219	11:07:59	225b0531-101d-4f69-bf85-ecbf9e661731	GET	/views/404	http://localhost:5173
20241219	11:07:59	4c25d103-304a-4565-9388-5f3f24f9bf63	GET	/views/404	http://localhost:5173
20241219	11:07:59	5ed9baf0-119b-45f9-808d-c4ff7bec02fe	GET	/views/404	http://localhost:5173
20241219	11:07:59	f64d5495-a460-46fd-ba43-5e39a0bbfc33	GET	/views/404	http://localhost:5173
20241219	11:07:59	1d4e59ae-4236-4e3c-a2cd-d7b5442d61ef	GET	/views/404	http://localhost:5173
20241219	11:07:59	3226d667-31f9-416a-99cf-88da91842dcb	GET	/views/404	http://localhost:5173
20241219	11:07:59	f8a267fb-a4a1-4c9b-bdb8-9273e15b0324	GET	/views/404	http://localhost:5173
20241219	11:07:59	1c19f95c-4874-4041-bf3c-bd966f8ff6f4	GET	/views/404	http://localhost:5173
20241219	11:07:59	136bc475-c8cd-41c5-afcb-b1dabe212959	GET	/views/404	http://localhost:5173
20241219	11:07:59	b4e013e8-28a6-4ead-9980-2831bd3f415f	GET	/views/404	http://localhost:5173
20241219	11:08:00	be6a24e7-4958-44c4-953c-9962038b6d62	POST	/api/login	http://localhost:5173
20241219	11:08:00	8f960d5c-05c7-4ef0-80d3-ab7afcd4fdc7	GET	/views/404	http://localhost:5173
20241219	11:08:00	0c203a23-300b-485e-8c97-254744809ef0	GET	/views/404	http://localhost:5173
20241219	11:08:00	0773adcd-81e0-4286-bdc9-a0b56d6c082e	GET	/views/404	http://localhost:5173
20241219	11:08:00	8e03fd79-8722-4778-ba43-496fba4a1952	GET	/views/404	http://localhost:5173
20241219	11:08:00	64317c01-e1dd-477d-aa64-243b50be4c14	GET	/views/404	http://localhost:5173
20241219	11:08:00	b6a687ed-bf0c-4c52-a955-a1b56b034d40	GET	/views/404	http://localhost:5173
20241219	11:08:00	023545cb-392e-4f16-ab16-49d104772d73	GET	/views/404	http://localhost:5173
20241219	11:08:00	d4a0ca86-55fd-419c-bf0d-1caca73a9fd4	GET	/views/404	http://localhost:5173
20241219	11:08:00	c0c5684b-8922-4c5f-aa1c-d3edae8eec3b	GET	/views/404	http://localhost:5173
20241219	11:08:00	04172fb1-18fc-4a21-b5ff-d38fd0796c0b	GET	/views/404	http://localhost:5173
20241219	11:08:00	d480567e-7420-41f7-a013-08860d061387	GET	/views/404	http://localhost:5173
20241219	11:08:00	98aee441-1c5b-43c2-9ee5-3328edb94df8	GET	/views/404	http://localhost:5173
20241219	11:08:00	07ea4918-f4ac-42a8-9e99-ba38dbe52975	GET	/views/404	http://localhost:5173
20241219	11:08:00	bbc75f50-836d-464a-8c34-05919ace7a9f	GET	/views/404	http://localhost:5173
20241219	11:08:00	0e7f4308-c1e6-4b33-8764-35c9eec0ffdf	GET	/views/404	http://localhost:5173
20241219	11:08:00	8c2afd1a-af41-4b7e-881a-7c5b99a67d99	GET	/views/404	http://localhost:5173
20241219	11:08:00	a462258e-2c66-4193-a73b-db903f44f17a	GET	/views/404	http://localhost:5173
20241219	11:08:00	de00e5ed-34e7-4989-bfe5-7f15e740f7a4	GET	/views/404	http://localhost:5173
20241219	11:08:00	54177440-1ce7-4a78-b644-9cfd34794264	GET	/views/404	http://localhost:5173
20241219	11:08:00	b1618f80-d992-4874-8aa0-a2812843ec89	GET	/views/404	http://localhost:5173
20241219	11:08:29	e073d875-76b7-4658-933b-ce4585d95dba	POST	/api/login	http://localhost:5173
20241219	11:08:29	96a1952d-c321-43c2-8930-9a465c27fe34	GET	/views/404	http://localhost:5173
20241219	11:08:29	2a038c90-9bad-425a-8a9a-6c8a4137b07f	GET	/views/404	http://localhost:5173
20241219	11:08:30	79c522d1-a5e5-4110-a4fc-ebe71f72f77a	GET	/views/404	http://localhost:5173
20241219	11:08:30	50f8e51f-1b55-4b19-8951-887773bd1a8d	GET	/views/404	http://localhost:5173
20241219	11:08:30	3ecd1d39-1890-4f08-933d-9d3ff27fb2a7	GET	/views/404	http://localhost:5173
20241219	11:08:30	e2b2eadb-0fc1-402a-a194-db4d8afc710f	GET	/views/404	http://localhost:5173
20241219	11:08:30	689e4568-f014-4753-868a-6fbed3a96c35	GET	/views/404	http://localhost:5173
20241219	11:08:30	d34a7d71-b05a-4396-87f5-e7a550a40f6a	GET	/views/404	http://localhost:5173
20241219	11:08:30	7d03b63a-8fe6-4a09-8049-37e7bfb1cac6	GET	/views/404	http://localhost:5173
20241219	11:08:30	4654fe22-2abd-4137-b2a3-a7eae746c7ad	GET	/views/404	http://localhost:5173
20241219	11:08:30	019ebbce-b074-48c6-81c7-7b49f6ec6ac4	GET	/views/404	http://localhost:5173
20241219	11:08:30	5c9a26bc-ad3e-4c5f-9edb-9028012d19ac	GET	/views/404	http://localhost:5173
20241219	11:08:30	e32a29d3-3ef8-4ac6-8a72-f437256a1e30	GET	/views/404	http://localhost:5173
20241219	11:08:30	38b39ef8-ef17-411b-9583-ac33027f196b	GET	/views/404	http://localhost:5173
20241219	11:08:30	f808216e-600d-4e66-a6e2-f35ce53c356a	GET	/views/404	http://localhost:5173
20241219	11:08:30	63e169ab-401e-4700-b60b-7e34516d7fff	GET	/views/404	http://localhost:5173
20241219	11:08:30	20b5e3e4-1392-4943-8444-467b30a45bc9	GET	/views/404	http://localhost:5173
20241219	11:08:30	1befe38e-2613-4b0c-84e6-c11669c7dd53	GET	/views/404	http://localhost:5173
20241219	11:08:30	8f83ca98-ed52-4c17-b821-5c356ccf4584	GET	/views/404	http://localhost:5173
20241219	11:08:30	237c9f44-0af1-4a12-bed9-c9cdb35fbf34	GET	/views/404	http://localhost:5173
20241219	11:08:32	fa421746-eb3a-42c4-901d-d0954e6920d7	POST	/api/login	http://localhost:5173
20241219	11:08:32	0db0303f-8634-4f19-bec5-e34234fc76d1	GET	/views/404	http://localhost:5173
20241219	11:08:32	ab7e7398-2c88-441f-8350-e5fbca52b189	GET	/views/404	http://localhost:5173
20241219	11:08:32	35f477de-459c-4055-acd3-b77390e1f505	GET	/views/404	http://localhost:5173
20241219	11:08:32	fed8330f-460e-4168-9ccc-142b10e403b2	GET	/views/404	http://localhost:5173
20241219	11:08:32	d6e6a0dd-4f02-4875-894b-4121146a684d	GET	/views/404	http://localhost:5173
20241219	11:08:32	6cf1e40b-9520-49b1-9914-9c28e7c7d1df	GET	/views/404	http://localhost:5173
20241219	11:08:32	d02ac809-3ba4-4546-b8dc-ac8634699249	GET	/views/404	http://localhost:5173
20241219	11:08:32	6279ca6c-8646-4899-8a1e-62bd81507a31	GET	/views/404	http://localhost:5173
20241219	11:08:32	e58255a2-dba3-42a0-a334-0daf28526f89	GET	/views/404	http://localhost:5173
20241219	11:08:32	1a453aae-e0bd-4da4-876d-e18374714384	GET	/views/404	http://localhost:5173
20241219	11:08:32	d38f9560-1931-4659-9c91-d6d04b2dcbaf	GET	/views/404	http://localhost:5173
20241219	11:08:32	4b9a5ba9-9e9f-413a-9f09-0ed6d89ce289	GET	/views/404	http://localhost:5173
20241219	11:08:32	6dc11808-e92b-407a-8523-b105cc884855	GET	/views/404	http://localhost:5173
20241219	11:08:32	82114532-0315-48a9-ad0d-7050682866c5	GET	/views/404	http://localhost:5173
20241219	11:08:32	99fdd5e6-309a-4a34-8e64-9aec77d19171	GET	/views/404	http://localhost:5173
20241219	11:08:32	86db962c-fbbe-44f7-b080-4485bb493497	GET	/views/404	http://localhost:5173
20241219	11:08:32	f9ca41ad-7ac3-4bfe-a56a-fe11c66889dd	GET	/views/404	http://localhost:5173
20241219	11:08:32	0064bb27-6956-474c-a159-9d4ef4e27ecd	GET	/views/404	http://localhost:5173
20241219	11:08:32	e180b089-9ff3-4c01-857f-5f8a0e454778	GET	/views/404	http://localhost:5173
20241219	11:08:32	1391281b-ddfd-48ec-aab1-7f6a23fca31f	GET	/views/404	http://localhost:5173
20241219	11:08:32	304fe809-af89-456a-99dc-c9815b885b33	POST	/api/login	http://localhost:5173
20241219	11:08:32	04b50a2f-9a3b-4804-91c4-00efb8c3b2bb	GET	/views/404	http://localhost:5173
20241219	11:08:32	e140c018-613b-43c2-ab86-6d92c5c4aa6b	GET	/views/404	http://localhost:5173
20241219	11:08:32	491b7ca7-1afa-40a7-b92b-ee30820ef308	GET	/views/404	http://localhost:5173
20241219	11:08:32	18474f34-d8cc-4e18-922a-bba8a21fd315	GET	/views/404	http://localhost:5173
20241219	11:08:32	04467a58-e974-4bc5-93e5-45ae6ca0eca5	GET	/views/404	http://localhost:5173
20241219	11:08:32	4fe57d7a-c95a-4daf-86e9-766c84841e01	GET	/views/404	http://localhost:5173
20241219	11:08:32	3f589fc4-bf0d-4032-88d7-c325a0e6721b	GET	/views/404	http://localhost:5173
20241219	11:08:32	bc655fa9-1309-41c2-a4b8-b3f0f954f606	GET	/views/404	http://localhost:5173
20241219	11:08:32	1f58429b-ada4-4fec-b649-9d9802ba3fe0	GET	/views/404	http://localhost:5173
20241219	11:08:32	e811e072-6525-4b04-a51f-d61ffbaec76a	GET	/views/404	http://localhost:5173
20241219	11:08:32	4b8967f0-e2aa-4409-af82-880e53029f82	GET	/views/404	http://localhost:5173
20241219	11:08:32	2f8ce47f-69b5-4cf5-8796-cfe1a768a621	GET	/views/404	http://localhost:5173
20241219	11:08:32	0b147723-0c71-43d5-a962-7f460824307b	GET	/views/404	http://localhost:5173
20241219	11:08:32	f32a813c-0b4e-4c44-a1ca-f9b22aa9e6e2	GET	/views/404	http://localhost:5173
20241219	11:08:32	f44fdeb3-3dd0-4d8e-bd25-f20a7c379a84	GET	/views/404	http://localhost:5173
20241219	11:08:32	539fa9b0-072f-47e6-9ce6-be92d36673b8	GET	/views/404	http://localhost:5173
20241219	11:08:32	c32eb935-69d5-4009-817e-c5e2de16f91f	GET	/views/404	http://localhost:5173
20241219	11:08:32	2619b79a-2e48-4847-8f4e-8764942eff0d	GET	/views/404	http://localhost:5173
20241219	11:08:32	8c66d8a1-95d9-4781-a576-945c00ece4b0	GET	/views/404	http://localhost:5173
20241219	11:08:32	8ed4514b-4742-40b6-885a-0808f555161b	GET	/views/404	http://localhost:5173
20241219	11:08:32	e4378c0c-5e5e-4c60-a45e-d23a284484b4	POST	/api/login	http://localhost:5173
20241219	11:08:32	f9080a15-8804-4cb7-b363-7f28728025d5	GET	/views/404	http://localhost:5173
20241219	11:08:32	7b2d7769-08cc-40d7-b147-f9e0c472a864	GET	/views/404	http://localhost:5173
20241219	11:08:32	9231f930-bf7e-4d77-92ae-cd17301c9d2e	GET	/views/404	http://localhost:5173
20241219	11:08:32	b491eb79-bab7-488a-9f84-953b98c1980c	GET	/views/404	http://localhost:5173
20241219	11:08:32	72522a74-977b-4a32-86bc-5830c6efc302	GET	/views/404	http://localhost:5173
20241219	11:08:32	64c851ed-a85a-488b-8750-30b678db2afc	GET	/views/404	http://localhost:5173
20241219	11:08:32	1ac1b559-1214-49ec-bef0-f66b43147b46	GET	/views/404	http://localhost:5173
20241219	11:08:32	ab8d09f4-c17a-4e8c-b1fd-1e70cfaca4ed	GET	/views/404	http://localhost:5173
20241219	11:08:32	a4b4da74-6297-4fb0-a79a-34d2716606a5	GET	/views/404	http://localhost:5173
20241219	11:08:32	a5921e97-5b64-4f51-a9d9-7aae9dfa99dd	GET	/views/404	http://localhost:5173
20241219	11:08:32	a275408d-9d32-48cf-959d-5aed7ff6e1ef	GET	/views/404	http://localhost:5173
20241219	11:08:32	09451a65-5fa7-4ebb-b4cf-81a84bc3f572	GET	/views/404	http://localhost:5173
20241219	11:08:32	85a39004-cd0b-4fc1-89a9-b72d38c4cea3	GET	/views/404	http://localhost:5173
20241219	11:08:32	b8a8927c-e5e7-4776-ad11-988e524ddb89	GET	/views/404	http://localhost:5173
20241219	11:08:32	d9832bff-d6a5-43ae-a8ee-8145d174709a	GET	/views/404	http://localhost:5173
20241219	11:08:32	5e1e8374-c969-47ca-b437-4ede07ecb951	GET	/views/404	http://localhost:5173
20241219	11:08:32	acd6dc70-c99c-4b99-b0b2-dda6735c3339	GET	/views/404	http://localhost:5173
20241219	11:08:32	0caeb061-0b07-4b35-a3c6-d40917b29892	GET	/views/404	http://localhost:5173
20241219	11:08:32	f6e5418f-d70e-4422-99e8-669b778f3c5c	GET	/views/404	http://localhost:5173
20241219	11:08:32	40d54567-35b0-4e02-a3fc-7c94d73fdf7f	GET	/views/404	http://localhost:5173
20241219	11:08:32	200e38a1-8686-4a92-997c-07e9d72f85c5	POST	/api/login	http://localhost:5173
20241219	11:08:32	48e2de1d-ee66-49ee-a2fa-8be05ebfd62d	GET	/views/404	http://localhost:5173
20241219	11:08:32	7fddb10d-ed6a-41c3-9e0a-7b5c31f55843	GET	/views/404	http://localhost:5173
20241219	11:08:32	f8b2f16d-6199-47c0-ae2c-05a0598f6071	GET	/views/404	http://localhost:5173
20241219	11:08:32	ea4963cb-27d5-4313-a5aa-d526fe51bb3b	GET	/views/404	http://localhost:5173
20241219	11:08:32	52610960-d5d9-44b1-84a7-73948e646c4b	GET	/views/404	http://localhost:5173
20241219	11:08:32	60305599-f0ff-4532-acba-f836b7e99eed	GET	/views/404	http://localhost:5173
20241219	11:08:32	cbaa1add-0ca3-48f3-a651-903dbab8490b	GET	/views/404	http://localhost:5173
20241219	11:08:32	fc8f63fd-2c1f-4344-93b9-150e15e7b08f	GET	/views/404	http://localhost:5173
20241219	11:08:32	838a7b19-5dec-4795-85df-3db88427f31f	GET	/views/404	http://localhost:5173
20241219	11:08:32	fcbdf017-1657-4503-9a67-7e7a0a8fe248	GET	/views/404	http://localhost:5173
20241219	11:08:32	8488f54a-e7e7-4a03-8dff-45bd346215ea	GET	/views/404	http://localhost:5173
20241219	11:08:32	8af02f1c-e452-40d2-8a7f-56f32523fa04	GET	/views/404	http://localhost:5173
20241219	11:08:32	7497be14-5ed8-4a50-8fee-85103c438799	GET	/views/404	http://localhost:5173
20241219	11:08:32	e964fd8c-2eda-4ce3-bcdd-f55dee7267a5	GET	/views/404	http://localhost:5173
20241219	11:08:32	35882fbb-8864-489c-a975-46ec5a094fbc	GET	/views/404	http://localhost:5173
20241219	11:08:32	ae34aa35-e109-4d68-8e78-cd875e8959e6	GET	/views/404	http://localhost:5173
20241219	11:08:32	e20a1183-53a9-472b-89d9-1a85b9db9e43	GET	/views/404	http://localhost:5173
20241219	11:08:32	c4e8ae09-ed34-47b0-8be8-f6cc9cb6b6df	GET	/views/404	http://localhost:5173
20241219	11:08:32	3a6f0a3c-411c-4bcf-aa8a-c92daf33b52d	GET	/views/404	http://localhost:5173
20241219	11:08:32	13c96e8e-8494-4f6e-a5a6-58561b18b41c	GET	/views/404	http://localhost:5173
20241219	11:12:36	abd77e33-f825-492a-a08c-8ce91b703e7c	GET	/api/login	undefined
20241219	11:13:02	f5178140-a449-4946-a151-fdb3fb0566d7	GET	/api/login	undefined
20241219	11:14:35	bd086cc8-8707-4f50-85f5-b1f03685ecfa	GET	/api/login	undefined
20241219	11:19:28	9a907729-51de-449c-865e-800d59b8d4a7	GET	/api/login	undefined
20241219	11:20:27	9e08a815-15fe-47d5-83b8-e5d24568c7c9	POST	/api/login	undefined
20241219	11:21:57	2dd5f73c-df61-4661-87d7-b82c9a0308be	GET	/api/login	undefined
20241219	11:23:21	9788a7fc-702c-41e3-9f0e-12ec8895148d	GET	/api/login	undefined
20241219	11:23:43	e32e0503-d402-4610-97ab-86969dc53c64	GET	/api/login	undefined
20241219	11:24:28	9e61f079-6521-4275-a82d-d00e820dbde8	GET	/api/login	undefined
20241219	11:24:51	a284522e-daac-428d-aa22-6a2c72caec3e	GET	/api/login	undefined
20241219	11:25:23	a81397aa-9c7c-4427-85ae-02e69151f3c7	GET	/api/login	undefined
20241219	11:26:08	03fe8639-f498-40b2-abea-1a614b73f999	GET	/api/login	undefined
20241219	11:27:30	424c20ab-78a1-41f2-ac4c-ca3c90fee405	GET	/api/login	undefined
20241226	01:14:46	fac64c0e-58f5-4c92-8676-ec0365866a71	POST	/api/predict	undefined
20241226	01:18:40	88ff4ea3-c134-4618-905d-196d14c91824	POST	/api/predict	undefined
20241226	01:20:36	72f9f5b6-1eee-4a5b-9f32-0dabed30a30a	POST	/api/predict	undefined
20241226	01:26:26	25efa6bb-1435-4c1a-9d6b-b877c678cb3f	POST	/api/predict	undefined
20241226	01:27:21	1ba19749-f684-4e2e-9d96-07fa8d6ceb08	POST	/api/predict	undefined
20241226	01:29:19	be25ee68-3dc6-4005-a553-7d8f1586ce5c	POST	/api/predict	undefined
20241226	01:31:19	5647ea2f-871f-4b83-9586-74546cef7be7	POST	/api/predict	undefined
20241226	01:38:07	22c75fe3-e620-4368-8779-0fa1e0812cf3	POST	/api/predict	undefined
20241226	01:38:47	e7ae54b4-5b1c-4029-854e-15667ecff9ec	POST	/api/predict	undefined
20241226	01:39:57	6b656940-c12b-426a-90c8-a66a19d62487	POST	/api/predict	undefined
20241226	01:40:08	631241e8-66e0-492d-b1b2-b94a4840b059	POST	/api/predict	undefined
20241226	01:41:17	d73e04f7-291c-47ea-876e-67b711234710	POST	/api/predict	undefined
20241226	01:42:46	c14b8b39-c3e5-4cf2-a410-ccb3c23f379f	POST	/api/predict	undefined
20241227	00:11:24	6338e8db-6686-436d-8401-7dac6c548da3	POST	/api/predict	undefined
20241227	00:11:44	bd37d026-2a52-45db-8115-2ed13097ba53	POST	/api/predict	undefined
20241227	00:12:54	abc5b4fe-9e4b-4308-a79e-3900d6c4c724	POST	/api/login	undefined
20241227	00:19:22	133e8ee5-62b2-4720-9827-b72572f24004	POST	/api/register	undefined
20241227	00:25:28	3a5831bb-6e6f-4d58-adfa-d970ffaa324e	POST	/api/predict	http://localhost:5173
20241227	00:25:29	d491e367-6b21-403a-8946-6b34981c7a27	POST	/api/predict	http://localhost:5173
20241227	00:25:29	fb23e158-d0d3-46f8-9cc6-4ceffd0174d3	POST	/api/predict	http://localhost:5173
20241227	00:25:30	85bd5919-6dd8-40b6-8474-51f279e602e2	POST	/api/predict	http://localhost:5173
20241227	00:25:30	15694279-7e1e-471d-a2f3-966c25f72e6a	POST	/api/predict	http://localhost:5173
20241227	00:25:31	e1f4a7a8-a19c-438c-9505-940ae2db5283	POST	/api/predict	http://localhost:5173
20241227	00:25:31	05df3aa0-0160-42ea-a561-a04c430b2e31	POST	/api/predict	http://localhost:5173
20241227	00:25:32	b240551e-9f3a-45fb-ba03-1f235d7ae649	POST	/api/predict	http://localhost:5173
20241227	00:25:32	6478ebd4-4862-4cd3-a795-b24ea7018d5e	POST	/api/predict	http://localhost:5173
20241227	00:25:33	931cebcf-ff64-478e-b41f-e4b527da591f	POST	/api/predict	http://localhost:5173
20241227	00:25:33	50459573-4a0a-4f75-8bf3-5edf2a640f84	POST	/api/predict	http://localhost:5173
20241227	00:25:34	d3f8930c-b4fb-4553-aa4d-ce5c068e66d5	POST	/api/predict	http://localhost:5173
20241227	00:25:34	d6294a85-332a-474f-8ccd-4641dfbc7c91	POST	/api/predict	http://localhost:5173
20241227	00:25:35	e9754608-7983-46f4-8b2c-0008d3a7496f	POST	/api/predict	http://localhost:5173
20241227	00:25:35	d5e5f057-4806-4768-9282-3900ebe1f60c	POST	/api/predict	http://localhost:5173
20241227	00:25:36	ba8aa1b3-c90f-4686-857d-046fe99c56ae	POST	/api/predict	http://localhost:5173
20241227	00:25:36	7f70c68b-2815-407c-9248-c4f53f124451	POST	/api/predict	http://localhost:5173
20241227	00:25:37	88c100a8-8b08-4e57-a92d-e80c8dc4cce2	POST	/api/predict	http://localhost:5173
20241227	00:25:37	c6b8d279-23e3-4850-806b-794b9caedcec	POST	/api/predict	http://localhost:5173
20241227	00:25:38	9264c634-2e4c-4bc5-bb2c-0318b377b6df	POST	/api/predict	http://localhost:5173
20241227	00:25:38	54bba21b-0557-4134-83b2-1dc66ef9877b	POST	/api/predict	http://localhost:5173
20241227	00:25:39	c799f5be-fd3d-4474-ae72-46f4465962da	POST	/api/predict	http://localhost:5173
20241227	00:25:39	2c162217-28e5-4eac-ae1e-90988383bf9d	POST	/api/predict	http://localhost:5173
20241227	00:25:40	8f48f2e5-df51-481d-b71d-a6b6f503f03f	POST	/api/predict	http://localhost:5173
20241227	00:25:40	128897bb-9ee4-4624-8884-f4984b152a74	POST	/api/predict	http://localhost:5173
20241227	00:25:41	d9903e2c-7828-4644-9e47-358d2a727e7e	POST	/api/predict	http://localhost:5173
20241227	00:25:41	c1db1063-0fd1-48f7-83dc-00736963a366	POST	/api/predict	http://localhost:5173
20241227	00:25:42	138c010a-09cf-4e48-a4c3-d3433cabed2b	POST	/api/predict	http://localhost:5173
20241227	00:25:42	ee4b19dd-853d-4e76-b628-14f12c7892dd	POST	/api/predict	http://localhost:5173
20241227	00:25:43	9ba4524d-a894-4f0c-babe-008b51dd1a57	POST	/api/predict	http://localhost:5173
20241227	00:25:43	95754a17-1ea1-446f-89b6-361c6ffd3871	POST	/api/predict	http://localhost:5173
20241227	00:25:44	d77609a8-4368-46c5-abe4-36153831a528	POST	/api/predict	http://localhost:5173
20241227	00:25:44	fad0155e-cc65-4cb5-836a-051a1ec6d69e	POST	/api/predict	http://localhost:5173
20241227	00:25:45	c1e3da9a-e982-49c3-a913-f18e917533e1	POST	/api/predict	http://localhost:5173
20241227	00:25:45	60925219-41ae-4c66-88f5-9e0b51506135	POST	/api/predict	http://localhost:5173
20241227	00:25:46	7179aa21-d14d-4d50-80d4-8cf61df3e76a	POST	/api/predict	http://localhost:5173
20241227	00:25:46	e8e22364-4490-46e4-b50b-2c7b9a5f2c48	POST	/api/predict	http://localhost:5173
20241227	00:25:47	3aa25059-5897-410a-b9b1-8b7890e6609a	POST	/api/predict	http://localhost:5173
20241227	00:25:47	03b9fde2-3ee6-492e-a7bf-ddc9dbe68e7c	POST	/api/predict	http://localhost:5173
20241227	00:25:48	413c224a-1365-43de-8e12-cfbb2f0813aa	POST	/api/predict	http://localhost:5173
20241227	00:25:48	8e67949b-126f-4308-9377-f121bf432c75	POST	/api/predict	http://localhost:5173
20241227	00:25:49	a2efb809-3bfc-4d7e-854e-c7c633081114	POST	/api/predict	http://localhost:5173
20241227	00:25:49	15dcd983-77a4-408b-9045-9d2be3382bf2	POST	/api/predict	http://localhost:5173
20241227	00:25:50	16eaa52b-117c-43ab-8e5f-3e805f46444c	POST	/api/predict	http://localhost:5173
20241227	00:25:50	0246efe4-7705-41a3-8ab6-1acb97bb35bb	POST	/api/predict	http://localhost:5173
20241227	00:25:51	7be32080-f067-4139-8767-35c0a27f2165	POST	/api/predict	http://localhost:5173
20241227	00:25:51	1f2fdade-34d5-46f3-af7e-baf53a9d5f40	POST	/api/predict	http://localhost:5173
20241227	00:25:52	bed1aa5f-0c3d-40ee-be9b-79494de95119	POST	/api/predict	http://localhost:5173
20241227	00:25:52	4e7ca1eb-d429-41ec-b9d4-e0291d16f75c	POST	/api/predict	http://localhost:5173
20241227	00:25:53	dd8384b9-4244-43e4-83cf-530aee42a67d	POST	/api/predict	http://localhost:5173
20241227	00:25:53	eec1e6bf-8e84-4d4c-a654-920fa2d87f7d	POST	/api/predict	http://localhost:5173
20241227	00:25:54	8afadc5b-048b-484a-989a-a337ea3ab459	POST	/api/predict	http://localhost:5173
20241227	00:25:54	ea4d952d-402c-48c7-8e40-f805878249d6	POST	/api/predict	http://localhost:5173
20241227	00:25:55	e6caadc2-5b47-4e18-9974-ee096059d47c	POST	/api/predict	http://localhost:5173
20241227	00:25:55	54f35298-6a48-41eb-b3fd-0251b9732311	POST	/api/predict	http://localhost:5173
20241227	00:25:56	bb457ead-5352-4e22-9cd7-c28dd2a2d502	POST	/api/predict	http://localhost:5173
20241227	00:25:56	68d8c307-6cf7-406e-97e1-b5cd3f528c3d	POST	/api/predict	http://localhost:5173
20241227	00:25:57	763d1855-7df2-4b8d-a305-1d6a3c22a69f	POST	/api/predict	http://localhost:5173
20241227	00:25:57	a755d937-c2b4-4ae2-b2ff-d9a8c8aab694	POST	/api/predict	http://localhost:5173
20241227	00:25:58	ae87c8a4-df3d-4da8-9f68-898f73b7d506	POST	/api/predict	http://localhost:5173
20241227	00:25:58	3daf7bd4-d9c0-46b0-9a45-050feb363fd1	POST	/api/predict	http://localhost:5173
20241227	00:25:59	c852baf0-6339-4a7a-9b83-1b03732a3417	POST	/api/predict	http://localhost:5173
20241227	00:25:59	1cb4f3cf-0e9a-4d45-b65d-a809ef7e0ecb	POST	/api/predict	http://localhost:5173
20241227	00:26:00	d352f053-3bbe-4f77-918f-1758e296c4c2	POST	/api/predict	http://localhost:5173
20241227	00:26:00	e9c8fa5a-864a-41cf-8d42-300c8a40e250	POST	/api/predict	http://localhost:5173
20241227	00:26:01	cd5ac973-e87b-45ac-a938-325aaa5acae7	POST	/api/predict	http://localhost:5173
20241227	00:26:01	c0948347-744a-45b7-8d8e-5ba2fa8eba83	POST	/api/predict	http://localhost:5173
20241227	00:26:02	26ae6185-fd4a-4951-ba05-3f432095236d	POST	/api/predict	http://localhost:5173
20241227	00:26:02	cff9f08b-e8b6-49b4-882c-8009c6f4e101	POST	/api/predict	http://localhost:5173
20241227	00:26:03	1e846152-273c-4a82-9eb8-1a8b82242486	POST	/api/predict	http://localhost:5173
20241227	00:26:03	c5bf1a30-a00c-4795-b957-d1b201ecd943	POST	/api/predict	http://localhost:5173
20241227	00:26:10	04d1cd29-69c8-4880-badb-0f09d22b3ca6	POST	/api/predict	http://localhost:5173
20241227	00:26:10	d4de0875-7da7-49a4-8b4f-8232e11a5369	POST	/api/predict	http://localhost:5173
20241227	00:26:11	feadf56b-864e-4adc-bdf3-e185e355c763	POST	/api/predict	http://localhost:5173
20241227	00:26:11	7f36d574-7deb-4fb8-adc0-2d224b44a237	POST	/api/predict	http://localhost:5173
20241227	00:26:12	0357d2db-23b7-4d30-a7f9-29856de61a98	POST	/api/predict	http://localhost:5173
20241227	00:27:33	49db3842-282e-455e-ad68-3dce0bbb612c	POST	/api/predict	http://localhost:5173
20241227	00:27:33	c99b088c-fae4-49f0-a2aa-1b2d39d8e18e	POST	/api/predict	http://localhost:5173
20241227	00:27:34	46b8fa4c-bb3a-49f6-a447-c080aa95a75d	POST	/api/predict	http://localhost:5173
20241227	00:27:34	4e005b2e-8476-4553-99f8-748c224344d3	POST	/api/predict	http://localhost:5173
20241227	00:27:35	7241201e-a415-4cc0-8725-826ff0976b06	POST	/api/predict	http://localhost:5173
20241227	00:27:38	1f84658c-4a65-4235-8e35-4c4cd4c2405b	POST	/api/predict	http://localhost:5173
20241227	00:27:38	bdd00344-5c8f-4bf8-8e04-f731bb37cea6	POST	/api/predict	http://localhost:5173
20241227	00:27:38	e99570e3-4753-495e-a5e1-a89d19f25cae	POST	/api/predict	http://localhost:5173
20241227	00:27:38	8f5b7bea-fb9d-4df5-86fb-ff132a263436	POST	/api/predict	http://localhost:5173
20241227	00:27:39	313df003-ab65-4d2b-9c11-f94baea3de44	POST	/api/predict	http://localhost:5173
20241227	00:27:39	fec7be1f-3a3d-4d22-b042-e953c0485b6a	POST	/api/predict	http://localhost:5173
20241227	00:27:40	1d4c5ecd-8fb5-4370-921e-5d48b1811d52	POST	/api/predict	http://localhost:5173
20241227	00:27:40	e917e0fb-7115-44f8-bbd3-bba4970fde11	POST	/api/predict	http://localhost:5173
20241227	00:27:41	418e3a30-6372-4056-b381-d06dd1592da0	POST	/api/predict	http://localhost:5173
20241227	00:27:41	66c301c0-e841-41a9-af8d-bf3959112e98	POST	/api/predict	http://localhost:5173
20241227	00:27:42	3e53b926-f370-45b7-a688-f76eecc5ae8e	POST	/api/predict	http://localhost:5173
20241227	00:27:42	7b17ada4-e737-44f1-9d5f-9988feedcbd8	POST	/api/predict	http://localhost:5173
20241227	00:27:43	0ce7fd39-b1d5-443d-8006-6e725f4a5df0	POST	/api/predict	http://localhost:5173
20241227	00:27:43	71a45f7d-034e-4cc5-a334-70d1f3b52b8e	POST	/api/predict	http://localhost:5173
20241227	00:27:44	c271a885-cfd7-4003-bd86-2926ab6b85e7	POST	/api/predict	http://localhost:5173
20241227	00:27:44	c6ca552a-0562-4cd2-bf16-4bf2f5949c1d	POST	/api/predict	http://localhost:5173
20241227	00:27:45	19cf971d-09d2-4421-bff0-9e625bb3dc3b	POST	/api/predict	http://localhost:5173
20241227	00:27:45	16aa28da-c815-45c0-b161-ac71557baf6f	POST	/api/predict	http://localhost:5173
20241227	00:27:46	41d415b4-fdbf-4916-bbf8-d754afe4d379	POST	/api/predict	http://localhost:5173
20241227	00:27:46	8d7df1d6-c2dc-4a6b-b697-202cbe3e9b23	POST	/api/predict	http://localhost:5173
20241227	00:27:51	016ecc9f-3c2b-4fb4-9a4b-8976a5778648	POST	/api/predict	http://localhost:5173
20241227	00:27:51	ef1fa194-d867-4e5a-a9bc-80cf023e01c0	POST	/api/predict	http://localhost:5173
20241227	00:27:52	c3bde729-949c-4bf4-b159-7f1d62611342	POST	/api/predict	http://localhost:5173
20241227	00:27:52	6b1dcb49-19e2-48fb-bfde-c331000a13ca	POST	/api/predict	http://localhost:5173
20241227	00:27:53	8cc898df-1b82-4e51-81e7-794853234183	POST	/api/predict	http://localhost:5173
20241227	00:27:53	7aef9215-aa38-4ed9-8986-cf4407d93b63	POST	/api/predict	http://localhost:5173
20241227	00:27:54	ec0aa40b-4ff5-4474-bf55-a8760c21bdba	POST	/api/predict	http://localhost:5173
20241227	00:27:54	5c33b1ec-1d12-4bac-9cf6-7f02f65a4c8d	POST	/api/predict	http://localhost:5173
20241227	00:27:55	97f29fa7-3638-4171-a97e-f9ef5affefdc	POST	/api/predict	http://localhost:5173
20241227	00:27:55	d059e5dd-bda8-46fd-8cb4-7a92b8b99d07	POST	/api/predict	http://localhost:5173
20241227	00:27:56	469d0227-fdb2-4e28-b059-ecf3a9e12362	POST	/api/predict	http://localhost:5173
20241227	00:27:56	144a0a6c-24fb-473e-8a8b-651a33c617d3	POST	/api/predict	http://localhost:5173
20241227	00:27:57	7b56b9d9-85c7-41ca-aff1-81cce185cb00	POST	/api/predict	http://localhost:5173
20241227	00:27:57	5b109237-df17-4add-8da3-fa2ccb3276fe	POST	/api/predict	http://localhost:5173
20241227	00:27:58	ffa33cdd-c345-4fbc-9593-9b985b222b43	POST	/api/predict	http://localhost:5173
20241227	00:27:58	2e7bd8e6-5f97-4ac8-a3cd-a3e8c0113f80	POST	/api/predict	http://localhost:5173
20241227	00:27:59	096a9b87-1957-433c-af82-3e3e1ba502f7	POST	/api/predict	http://localhost:5173
20241227	00:27:59	e5de16b7-0eaa-4a6d-bdaa-99f1a773ed0d	POST	/api/predict	http://localhost:5173
20241227	00:28:00	5d08cd7b-533d-4859-b913-db5ff98ae083	POST	/api/predict	http://localhost:5173
20241227	00:28:00	3f733907-6733-41c3-9e8a-1b4b5d63903e	POST	/api/predict	http://localhost:5173
20241229	18:48:30	2eb0f82f-ced5-40ac-ac53-4b58cce3649b	POST	/api/predict	undefined
20241229	18:56:06	c1a8e1e3-2615-4067-8d91-0cc80a0de6bc	POST	/api/predict	undefined
20241229	19:04:05	8c68e480-7264-41d6-adc8-7149ae79f3b9	POST	/api/predict	undefined
20250228	20:04:58	03433ee9-2b4c-4ae6-9693-677e077be279	POST	/api/login	http://localhost:5173
20250228	20:05:23	401f6bd7-edb6-4d9d-a3c0-bbae5520240e	POST	/api/register	http://localhost:5173
20250228	20:06:43	93a6e392-038a-4bc9-973f-c223a1409150	POST	/api/register	http://localhost:5173
20250228	20:07:13	62ca43e0-31e7-42ef-afe9-35397ecbef9d	POST	/api/login	http://localhost:5173
20250228	20:11:10	c7f7f956-c79d-4581-a308-9df1d6ed82df	POST	/api/register	http://localhost:5173
20250228	20:12:09	0b5e6443-0c6b-4230-bbfc-c437d2df6c20	POST	/api/login	http://localhost:5173
20250308	11:29:01	97c5d24f-09e9-4ccd-866e-40cce98518ef	POST	/api/register	http://localhost:5173
20250308	11:30:08	177ad160-0452-44b7-bc4a-39af2062332f	POST	/api/login	http://localhost:5173
20250311	02:41:23	d07e1114-2659-4f9f-8a33-4f98f0c6cd00	GET	/	undefined
20250311	02:41:23	7349e233-790c-4bd7-81c3-b404fca0bbc1	GET	/views/404	undefined
20250311	02:41:23	c0edce00-7a0b-4a73-8613-c8bbd66fbae9	GET	/views/404	undefined
20250311	02:41:23	fc1f501c-5288-4e59-bcab-37bf657fd584	GET	/views/404	undefined
20250311	02:41:23	21026374-c105-4b97-a14e-3fd4c6ac6d1d	GET	/views/404	undefined
20250311	02:41:23	cbb9cec0-de78-4526-bdb8-fd277ffd36c7	GET	/views/404	undefined
20250311	02:41:23	95771da7-bf83-4bd3-b3c4-2c78e499eb46	GET	/views/404	undefined
20250311	02:41:23	235e84a9-db12-4b09-af68-bcb31b810757	GET	/views/404	undefined
20250311	02:41:23	2cd59c88-14ef-452f-a7e9-9424bc00105a	GET	/views/404	undefined
20250311	02:41:23	2c2096a1-4dd8-4ec4-a23e-dac5b3e156bd	GET	/views/404	undefined
20250311	02:41:23	65b479bf-68b2-47a9-94fc-b24ece174cfa	GET	/views/404	undefined
20250311	02:41:23	1550f8a6-9105-4eed-94fd-548afe79d1d4	GET	/views/404	undefined
20250311	02:41:23	c5677ec4-9a1c-42d4-aedb-28a820a575b5	GET	/views/404	undefined
20250311	02:41:23	64599951-f8e7-4b21-8e6a-4950bee81311	GET	/views/404	undefined
20250311	02:41:23	c573b851-fa3e-4875-869a-a360d284c6f7	GET	/views/404	undefined
20250311	02:41:23	364beeb7-9f24-4d83-acca-d04657b5b2f6	GET	/views/404	undefined
20250311	02:41:23	57f31757-e08f-437d-af84-41b24c263768	GET	/views/404	undefined
20250311	02:41:23	95852246-fb1a-47e4-9049-826521aba71e	GET	/views/404	undefined
20250311	02:41:23	3d17a799-8c7a-46d3-84a1-ec15cd6e081a	GET	/views/404	undefined
20250311	02:41:23	3c99442c-fa13-4f7b-97e9-0cf5aab3a688	GET	/views/404	undefined
20250311	02:41:24	285e9ff3-fb42-455f-8894-d4fb6f4e0ede	GET	/views/404	undefined
20250311	02:41:24	6eed71d2-720f-4036-867f-a29438556f76	GET	/views/404	undefined
20250311	02:41:24	d088b49f-bcce-4fdb-a299-afbf194d594e	GET	/views/404	undefined
20250311	02:41:24	99954c11-4ed0-4492-8bd0-9f09fb03c043	GET	/views/404	undefined
20250311	02:41:24	a4339275-98a6-479c-a8cb-32b95b75e9a7	GET	/views/404	undefined
20250311	02:41:24	41aacf04-d469-4ecb-8cd3-116653b38534	GET	/views/404	undefined
20250311	02:41:24	17431ea4-031d-45ec-981d-9e2d066a6297	GET	/views/404	undefined
20250311	02:41:24	0e64b632-7fd1-4440-ac15-ac8d61eb0c1f	GET	/views/404	undefined
20250311	02:41:24	fa1111ee-a75c-4fc9-9e35-d161a39f7930	GET	/views/404	undefined
20250311	02:41:24	e6d9cfb0-d2d5-484e-8c4e-48f4b44d1816	GET	/views/404	undefined
20250311	02:41:24	3effe6e4-6cfd-46a0-b931-d1fdabe571c3	GET	/views/404	undefined
20250311	02:41:24	965ed585-f3cd-4057-901f-38c846d3cb42	GET	/views/404	undefined
20250311	02:41:24	f055021e-642f-48fe-8ec2-a32c4082bd94	GET	/views/404	undefined
20250311	02:41:24	e108462c-87eb-487a-b184-66dcc55c2208	GET	/views/404	undefined
20250311	02:41:24	9ce5d15a-ea26-4e57-8c0c-6b6afbbde8f0	GET	/views/404	undefined
20250311	02:41:24	286fa4b9-f0c9-4233-acc8-a00318a09f17	GET	/views/404	undefined
20250311	02:41:24	7fd42b92-484b-417e-b3a2-031c4581eebf	GET	/views/404	undefined
20250311	02:41:24	fa7b323c-f572-4ee2-9216-784bc7ea0567	GET	/views/404	undefined
20250311	02:41:24	250de16d-3a3f-4f1d-ab3c-b0bbc8d25227	GET	/views/404	undefined
20250311	02:41:24	42659c2d-a3af-4897-af8e-b93684385615	GET	/views/404	undefined
20250311	02:41:28	006ee9d4-ca3e-4121-bf41-6fe64b724ac9	GET	/	undefined
20250311	02:41:28	42ef55ef-1ef4-4777-b764-c952d227dc06	GET	/views/404	undefined
20250311	02:41:28	9b64e66b-88d2-4d08-854f-18bf135a0ea5	GET	/views/404	undefined
20250311	02:41:28	ccee051d-91fa-4166-83fa-1a6c206a9c23	GET	/views/404	undefined
20250311	02:41:28	c1f58137-e0d3-4272-95cf-a9d2fb3f2e52	GET	/views/404	undefined
20250311	02:41:28	0b574402-d3a8-4113-8bbf-237f82fafbc4	GET	/views/404	undefined
20250311	02:41:28	8068dab4-fea1-49ae-9439-25e8cda044a6	GET	/views/404	undefined
20250311	02:41:28	c73fee08-7c94-480f-9cb3-92f84d5667b3	GET	/views/404	undefined
20250311	02:41:28	28daedd8-83ee-438c-b8c9-e806d6fcd1b2	GET	/views/404	undefined
20250311	02:41:28	bbefc576-3786-4342-8584-96c04df74168	GET	/views/404	undefined
20250311	02:41:28	6a63135e-4567-4f0e-91e0-c8be70ac4b41	GET	/views/404	undefined
20250311	02:41:28	a8048f40-fc01-461d-acc3-f0c765021e60	GET	/views/404	undefined
20250311	02:41:28	96874978-3170-42b0-bcfe-61102e6615ae	GET	/views/404	undefined
20250311	02:41:28	766216b4-15bc-410a-88ed-5c39847268d0	GET	/views/404	undefined
20250311	02:41:28	e7019e85-b6da-4f9b-b8b6-bbb436431e94	GET	/views/404	undefined
20250311	02:41:28	481fe881-ea35-4443-8b1b-6d4bf58433d2	GET	/views/404	undefined
20250311	02:41:28	25364ec6-b5d4-41a3-9f28-05843d4b4361	GET	/views/404	undefined
20250311	02:41:28	83ceb39b-1296-4457-877a-149b247dedc3	GET	/views/404	undefined
20250311	02:41:28	92587089-a707-4094-aaf5-c1d51aa11480	GET	/views/404	undefined
20250311	02:41:28	e94eb1ce-55bb-48d1-8e13-90bd7174c180	GET	/views/404	undefined
20250311	02:41:29	011f44b1-05d8-44e7-bb0c-c5ae9075b253	GET	/views/404	undefined
20250311	02:41:29	8aa7ec62-4d57-42de-9beb-144c447b19fe	GET	/views/404	undefined
20250311	02:41:29	8c797b15-63db-419c-8fcc-60ce23b65c8a	GET	/views/404	undefined
20250311	02:41:29	6cd9ab9d-84fb-4175-ba14-199a509c7e2d	GET	/views/404	undefined
20250311	02:41:29	ec8aaba6-e077-4727-8807-d186d90969eb	GET	/views/404	undefined
20250311	02:41:29	a5f4ad79-33b6-4213-b55d-9db213b73145	GET	/views/404	undefined
20250311	02:41:29	f8b2091a-5e43-4e47-9a9b-b090fbc679a7	GET	/views/404	undefined
20250311	02:41:29	e97150aa-22f2-4462-9e0e-c915be023eee	GET	/views/404	undefined
20250311	02:41:29	6dbebb5b-0980-47a1-afca-e637dc029ec0	GET	/views/404	undefined
20250311	02:41:29	1c72a190-52b7-40e3-8433-dc23dfaf8183	GET	/views/404	undefined
20250311	02:41:29	268556cb-5292-49cf-a427-07973b9de092	GET	/views/404	undefined
20250311	02:41:29	0eef4ddf-ff14-4382-852e-5c563c8e7b4c	GET	/views/404	undefined
20250311	02:41:29	f6e77349-5e38-44a6-b880-0df720633e54	GET	/views/404	undefined
20250311	02:41:29	6a6c54a6-40a1-4996-965a-dc52195580e5	GET	/views/404	undefined
20250311	02:41:29	a91793e7-a77b-4f00-bd69-ce57f502320b	GET	/views/404	undefined
20250311	02:41:29	ca172ac4-e88b-4419-8962-e3219c47dac7	GET	/views/404	undefined
20250311	02:41:29	395f0891-ba5b-4e19-ab06-4cde431679a1	GET	/views/404	undefined
20250311	02:41:29	f0335a00-895a-4536-8a63-9cf6412a9ae9	GET	/views/404	undefined
20250311	02:41:29	4db78588-6dc2-46e5-87de-a4d64192261a	GET	/views/404	undefined
20250311	02:41:29	0d6ed671-faeb-464e-89ab-d5bb6de30167	GET	/views/404	undefined
20250311	02:41:36	3584510b-ce43-4d8a-b4f7-5893b0ceac86	POST	/api/login	http://localhost:5173
20250311	02:41:40	39c058cf-546d-496d-a66e-92edaa7e3c5d	GET	/views/404	undefined
20250311	02:41:40	c22e2548-dbcd-42c6-b361-67ce24452caf	GET	/views/404	undefined
20250311	02:41:40	3b8a0e89-1d34-4758-87bc-0d3d88410aa9	GET	/views/404	undefined
20250311	02:41:40	698ae49c-10c9-4d93-ab8a-4b088f913b0e	GET	/views/404	undefined
20250311	02:41:40	8abb4934-78fa-4019-ba84-d54e51eff4eb	GET	/views/404	undefined
20250311	02:41:40	3f0e5b0f-34bc-4ff7-959d-3968e653a38e	GET	/views/404	undefined
20250311	02:41:40	2641fef0-6854-4f49-9a13-ef464a9895e9	GET	/views/404	undefined
20250311	02:41:40	c27275eb-0ed0-4dc8-a10f-82d877f90b30	GET	/views/404	undefined
20250311	02:41:40	1039629f-66e7-44b8-ad3a-e5ce03c91567	GET	/views/404	undefined
20250311	02:41:40	3d978938-2aed-48cb-8265-c6040bfc1bb0	GET	/views/404	undefined
20250311	02:41:40	e08c6e68-b3ad-415e-8d7e-3b389e1cc2ed	GET	/views/404	undefined
20250311	02:41:40	3979a584-4be3-437d-8c1d-d4d6ba526489	GET	/views/404	undefined
20250311	02:41:40	316bef02-b17f-4069-bafd-034948639a96	GET	/views/404	undefined
20250311	02:41:40	f59e7a48-4bb9-4365-8a06-9cc82ed35208	GET	/views/404	undefined
20250311	02:41:40	3648105b-13f3-486a-a058-ffe367bfe6f4	GET	/views/404	undefined
20250311	02:41:40	3957a9bb-1ef6-4327-9872-e54d33f688d9	GET	/views/404	undefined
20250311	02:41:40	d4d65884-3c15-493a-9cd8-a4410bbd2a54	GET	/views/404	undefined
20250311	02:41:40	2ecaa9b6-63e6-44e5-9287-f4b07c633ccc	GET	/views/404	undefined
20250311	02:41:40	83f8b8b0-069f-4ba5-8ff1-2f1445bc38be	GET	/views/404	undefined
20250311	02:41:40	1c968314-c214-4d60-bdef-c65b3e5d562f	GET	/views/404	undefined
20250311	02:41:45	42b06886-96dc-4271-a085-c102dada5be5	GET	/views/404	undefined
20250311	02:41:45	8a1fff3c-e84c-4616-bef9-d13e9fe4e385	GET	/views/404	undefined
20250311	02:41:45	99138b97-4406-46fd-8f6d-b339655425c2	GET	/views/404	undefined
20250311	02:41:45	9df7f06e-c3ce-449e-8b48-2de54b298f03	GET	/views/404	undefined
20250311	02:41:45	a630dd3d-ce85-41d1-9f77-0cff06f48f59	GET	/views/404	undefined
20250311	02:41:45	dce2bf63-3960-490a-ba4b-ae2ce1d1185d	GET	/views/404	undefined
20250311	02:41:45	0eb16a1a-9b83-456f-8264-bfc892ae9e4c	GET	/views/404	undefined
20250311	02:41:45	18afe1fb-2786-4ffc-a1fa-7672984eda9e	GET	/views/404	undefined
20250311	02:41:45	001cea71-61fd-485e-9bf4-4239c9dc7968	GET	/views/404	undefined
20250311	02:41:45	f2159b1c-e1b1-4c00-850f-d26d2a2ce339	GET	/views/404	undefined
20250311	02:41:45	6c83ca35-b52f-4f95-a6fa-2d2d7461ff1f	GET	/views/404	undefined
20250311	02:41:45	bb7efd31-e5c1-42d6-bc74-f5f51d9ce078	GET	/views/404	undefined
20250311	02:41:45	1cc00953-fb5a-4fd0-8b54-32df61169232	GET	/views/404	undefined
20250311	02:41:45	8c3136c8-9f79-404d-87fd-7f034487f21b	GET	/views/404	undefined
20250311	02:41:45	b1e33c9a-375b-4d50-8d0a-16d8103ce4f6	GET	/views/404	undefined
20250311	02:41:45	57795272-4009-4fc4-9a53-6665e055b21c	GET	/views/404	undefined
20250311	02:41:45	fb70070b-00f3-4289-b4d6-97ed6026b46e	GET	/views/404	undefined
20250311	02:41:45	a1a29c04-859f-48f2-833c-80d8e2193d0a	GET	/views/404	undefined
20250311	02:41:45	8af9d9c7-54f3-41b5-a79d-d0edd0b97661	GET	/views/404	undefined
20250311	02:41:45	55d93b27-2f66-415d-aa2d-e2360069626f	GET	/views/404	undefined
20250311	02:43:19	b503715d-879c-4edc-9c9f-01144de9880a	POST	/api/login	http://localhost:5173
20250311	02:44:15	1268da38-e22a-478f-a34b-e4b5f1e6da80	POST	/api/login	http://localhost:5173
20250311	02:46:26	25f790ff-ca22-4625-8e2d-996275d13212	POST	/api/login	http://localhost:5173
20250311	02:46:41	d5f25866-6dcb-42e0-ba2a-97b583d37f06	POST	/api/login	http://localhost:5173
20250311	02:48:37	ebc61a60-0327-45cc-b2a5-eb92274fae59	POST	/api/login	http://localhost:5173
20250311	02:49:27	229d8d4f-eb1c-47d2-9f2d-70f798532440	POST	/api/login	http://localhost:5173
20250311	02:50:54	732e6c2e-2d1b-4f64-b1ba-f1542c6d697d	POST	/api/login	http://localhost:5173
20250311	02:51:24	01b9cb54-677e-43da-b70d-a02eb370e1db	POST	/api/login	http://localhost:5173
20250311	02:53:19	ca5117ed-6716-47c9-a52e-301f210a15cb	POST	/api/login	http://localhost:5173
20250311	02:54:17	4e3f523b-3311-4c1e-84e9-ddd11a3f00fc	POST	/api/login	http://localhost:5173
20250311	03:00:05	472584b5-77c3-4fcb-8822-55bda97b1b17	POST	/api/login	http://localhost:5173
20250311	03:04:48	7945a97c-5227-4b72-b93a-bf98858e802d	GET	/api/logout	undefined
20250311	03:04:48	8ef6bc32-e4c2-4bce-a52b-11d592e2bfb3	GET	/views/404	undefined
20250311	03:04:48	a91f2db9-f622-4828-9d5b-5f5c0bdfd2fa	GET	/views/404	undefined
20250311	03:04:48	7657fd38-f90b-4afb-8eb9-aec4943d6c95	GET	/views/404	undefined
20250311	03:04:48	2cd339ac-891f-4619-ad22-a62c52d32088	GET	/views/404	undefined
20250311	03:04:48	af77ab01-9aec-4e17-b072-96575fe3cc8f	GET	/views/404	undefined
20250311	03:04:48	4adb04ca-90e7-486f-a48c-be141539a4c6	GET	/views/404	undefined
20250311	03:04:48	04954381-a5ce-44e3-bba8-a87e1caf86e2	GET	/views/404	undefined
20250311	03:04:48	d966741a-72e3-4622-99e4-3e659441479d	GET	/views/404	undefined
20250311	03:04:48	358ec621-a5df-4f59-9fe0-0b45e824bb24	GET	/views/404	undefined
20250311	03:04:48	15fecb82-89d8-4a8e-a420-b3d1b3400246	GET	/views/404	undefined
20250311	03:04:48	222efa69-b3c2-4d08-b4d4-762799fdc599	GET	/views/404	undefined
20250311	03:04:48	10462796-900d-4668-9540-390574895027	GET	/views/404	undefined
20250311	03:04:48	24432c58-4b52-40f9-bab5-a73b484b119f	GET	/views/404	undefined
20250311	03:04:48	23db44c0-f1ea-4aed-843a-01912dff2372	GET	/views/404	undefined
20250311	03:04:48	7d9cd078-729f-4fe2-8bb7-8317c59a5829	GET	/views/404	undefined
20250311	03:04:48	ae3612a2-3692-4a3a-aaed-af63d10b6690	GET	/views/404	undefined
20250311	03:04:48	7e4f01e1-e725-47ee-91fd-f122edbeab21	GET	/views/404	undefined
20250311	03:04:48	9af14466-c71a-49b7-982c-cb16c49d380c	GET	/views/404	undefined
20250311	03:04:48	8927589e-9a75-42f6-ba36-d7b64dcad60a	GET	/views/404	undefined
20250311	03:04:49	522f2786-b7d9-4c6f-b621-0ed571150917	GET	/views/404	undefined
20250311	03:04:49	b7ebce5d-4bdb-413b-90eb-67a62340de90	GET	/views/404	undefined
20250311	03:04:49	c7d4c5e1-00db-431d-8c18-de18cd7517ef	GET	/views/404	undefined
20250311	03:04:49	cdb8937b-1ac0-4476-af6f-c7ee4d2e2da2	GET	/views/404	undefined
20250311	03:04:49	7a379267-e2ad-42ac-8672-fdefdb34eccf	GET	/views/404	undefined
20250311	03:04:49	65699afa-4709-4e3c-94cc-afe340eccc08	GET	/views/404	undefined
20250311	03:04:49	55145d39-0612-4d61-bd63-62ba23f58f64	GET	/views/404	undefined
20250311	03:04:49	62f862e9-a947-4ae6-8bb6-919a29a0aa01	GET	/views/404	undefined
20250311	03:04:49	15ef5329-64d7-410b-bc7b-072708839ee6	GET	/views/404	undefined
20250311	03:04:49	de698086-f093-4038-965b-8b60e0c751ad	GET	/views/404	undefined
20250311	03:04:49	2adf6ce4-fc4e-4c0a-916c-972b01d929d1	GET	/views/404	undefined
20250311	03:04:49	ab18145b-21f8-4fbe-bc0f-098718e6fe13	GET	/views/404	undefined
20250311	03:04:49	e16626a7-29ff-4e3b-a324-3eb456ca6862	GET	/views/404	undefined
20250311	03:04:49	3bd1995e-11c1-47e3-becc-bc66fb31b629	GET	/views/404	undefined
20250311	03:04:49	8b1f6324-c68c-4290-a9e3-550d29bc5145	GET	/views/404	undefined
20250311	03:04:49	a9bf5f5b-dd35-48ba-a48a-782b6619f6cc	GET	/views/404	undefined
20250311	03:04:49	23789654-b590-45f8-99e0-48a24d02f794	GET	/views/404	undefined
20250311	03:04:49	74054943-a839-481b-84c0-143c471ccf32	GET	/views/404	undefined
20250311	03:04:49	c11b1b10-19bf-4664-bd62-923eace4942b	GET	/views/404	undefined
20250311	03:04:49	1373f015-e9bc-42c9-b5b4-09c9a7dee09b	GET	/views/404	undefined
20250311	03:04:54	0d022c6e-a662-4c95-bd78-c43ec2b8e023	GET	/views/404	undefined
20250311	03:04:54	8f4c4134-76fd-4ab0-9ea1-ba60cb412530	GET	/views/404	undefined
20250311	03:04:54	7ccd4ac7-18b1-4479-bbcd-7efc1f44a332	GET	/views/404	undefined
20250311	03:04:54	4eaead6a-a415-4de3-aaf8-364e25b0a523	GET	/views/404	undefined
20250311	03:04:54	33c50017-3f8b-4013-b3cc-1ca58ffd2eb0	GET	/views/404	undefined
20250311	03:04:54	545bb8bc-5c54-4e27-a007-a801e9eea559	GET	/views/404	undefined
20250311	03:04:54	8f5ae03b-cd11-4048-b48e-a61eb2f457e1	GET	/views/404	undefined
20250311	03:04:54	0a298667-536a-4e97-900b-9dd1842d4c36	GET	/views/404	undefined
20250311	03:04:54	542a2ca1-92ac-4b56-b26b-7334831184e7	GET	/views/404	undefined
20250311	03:04:54	30d7b3b0-1e70-4913-80e3-b2a839e641b9	GET	/views/404	undefined
20250311	03:04:54	02de2113-910f-4c87-93d0-384a92e073b3	GET	/views/404	undefined
20250311	03:04:54	5b8df739-aa80-4828-b420-f7ade26a671f	GET	/views/404	undefined
20250311	03:04:54	d3b6e3a5-ca0f-4945-98ae-d3f6d08c2351	GET	/views/404	undefined
20250311	03:04:54	62096c7b-4522-4668-b670-3643e74e10d2	GET	/views/404	undefined
20250311	03:04:54	9f0abcd5-f6ae-40dd-8e9e-ff9d2c00b9b3	GET	/views/404	undefined
20250311	03:04:54	2d3a57ef-cb1e-433f-82ee-a8094a3fca15	GET	/views/404	undefined
20250311	03:04:54	ba92afaf-6b78-419e-9c16-9271930b6423	GET	/views/404	undefined
20250311	03:04:54	bd86cfb8-dc10-48d5-9bd6-793be22ac3fe	GET	/views/404	undefined
20250311	03:04:54	5f34becb-7f0b-4e96-8872-5f1e89daf645	GET	/views/404	undefined
20250311	03:04:54	d9e0e89c-e319-4ca7-b94d-6bc1c83c46c1	GET	/views/404	undefined
20250315	03:55:08	c4783760-ec46-4b5c-946a-839503f851bd	POST	/api/login	http://localhost:5173
20250315	03:55:51	f85923a1-8ae3-4b5a-a9a6-ee4286a2b3e1	POST	/api/login	http://localhost:5173
20250315	03:57:44	9ba53e4e-2b6f-4866-9df1-5ffa39bef518	POST	/api/login	http://localhost:5173
20250315	03:58:13	e7034e0d-37fc-4d9f-8c17-42c3e566f81a	GET	/API/LOGOUT	undefined
20250315	03:58:13	c16ec32d-46a6-4d63-b987-04da294a3a30	GET	/views/404	undefined
20250315	03:58:13	61c70ccf-a3f7-4b09-a2a7-e24685c0a774	GET	/views/404	undefined
20250315	03:58:13	5abde1b1-3c98-4d87-8466-8b65298f2839	GET	/views/404	undefined
20250315	03:58:13	2de6fd98-ea9f-4abe-8ec6-87c19b6df7d2	GET	/views/404	undefined
20250315	03:58:13	27d6f60e-746b-418d-bd01-4979108e3abf	GET	/views/404	undefined
20250315	03:58:13	932e0cc8-796f-4181-adbf-22ee39b43eb9	GET	/views/404	undefined
20250315	03:58:13	46600c6b-b38a-48ae-8628-b736c1d8e4ee	GET	/views/404	undefined
20250315	03:58:13	a46aadf5-4f0f-44e3-90ef-db5a1ed622be	GET	/views/404	undefined
20250315	03:58:13	42bdae2f-310f-4f04-952a-c248af35cd34	GET	/views/404	undefined
20250315	03:58:13	fc6074e6-1891-4283-941d-d798c3b6b380	GET	/views/404	undefined
20250315	03:58:13	31eb2370-b5f7-425e-bc71-771c42669707	GET	/views/404	undefined
20250315	03:58:13	b55764eb-31cc-4792-8888-fe0172ccea18	GET	/views/404	undefined
20250315	03:58:13	434d3a1e-a433-44c5-a3c1-5ed4969c3881	GET	/views/404	undefined
20250315	03:58:13	cd642a22-78ce-4711-a243-c1c2f380426f	GET	/views/404	undefined
20250315	03:58:13	e67fdd4b-82ea-4f6e-b4c8-1accc5518c8c	GET	/views/404	undefined
20250315	03:58:13	53ab7e49-bb89-4f0e-a8ee-3d2bd871ae7a	GET	/views/404	undefined
20250315	03:58:13	84f9e77c-1e52-4e33-8875-d868f264071c	GET	/views/404	undefined
20250315	03:58:13	dddf1fce-756c-4985-9be0-cad228e59d9c	GET	/views/404	undefined
20250315	03:58:13	75be4b78-9979-4edd-bba1-bc62a69adeda	GET	/views/404	undefined
20250315	03:58:14	4f2ba397-46d5-4cfc-85be-89538795585b	GET	/views/404	undefined
20250315	03:58:14	7c8be49e-5ab8-4a9a-a55a-062417f266da	GET	/views/404	undefined
20250315	03:58:14	401036b9-c17b-4900-8bbb-46c4e7916464	GET	/views/404	undefined
20250315	03:58:14	df1dbdad-9ba5-41d7-9447-589d18984f3a	GET	/views/404	undefined
20250315	03:58:14	59352f2f-0b30-443d-bd04-639d5a85800f	GET	/views/404	undefined
20250315	03:58:14	68f7d709-bbf9-4d5f-9df6-3920acf2c721	GET	/views/404	undefined
20250315	03:58:14	21f1aebf-fcd3-40e9-8857-294d25277bc5	GET	/views/404	undefined
20250315	03:58:14	6988f45e-6a13-4e3f-b190-4d37f12a107b	GET	/views/404	undefined
20250315	03:58:14	4bc715d5-6eb1-4af5-a7f5-3fc504831334	GET	/views/404	undefined
20250315	03:58:14	4112b1d4-e94c-468e-bce3-f7e6ee2f8a45	GET	/views/404	undefined
20250315	03:58:14	850bdf81-190d-44a5-a131-8db0ead9ee10	GET	/views/404	undefined
20250315	03:58:14	fced353b-c1cc-40e4-b961-3af6b27c8eb0	GET	/views/404	undefined
20250315	03:58:14	7341296a-ab97-4985-8d38-130a82a4ae0a	GET	/views/404	undefined
20250315	03:58:14	f5ac0d03-b667-4f3b-903e-572aa8c66855	GET	/views/404	undefined
20250315	03:58:14	8af2c00e-fda6-439b-827b-cb93c66d84d2	GET	/views/404	undefined
20250315	03:58:14	9f2917fd-a78b-4255-aa30-7b7dfcd7fc6a	GET	/views/404	undefined
20250315	03:58:14	02defcd9-5b67-43d8-a921-162194413205	GET	/views/404	undefined
20250315	03:58:14	a5702b49-04fb-4772-b2c2-b65c46005cff	GET	/views/404	undefined
20250315	03:58:14	fd4eda77-b705-474c-a4d1-a76704bc2ce1	GET	/views/404	undefined
20250315	03:58:14	79eb9522-b750-44c6-bf4b-a8c7b9b73cf8	GET	/views/404	undefined
20250315	03:58:19	68d9a5e0-6081-491c-9ecc-952ce69e96c7	GET	/views/404	undefined
20250315	03:58:19	e1ef0e33-9ab7-4779-a0c1-cd82fe97a986	GET	/views/404	undefined
20250315	03:58:19	bb7fa593-307a-4ce6-bf31-b1d0e00e265e	GET	/views/404	undefined
20250315	03:58:19	0b090ec6-41aa-4739-a0ae-6b2164f6caea	GET	/views/404	undefined
20250315	03:58:19	f00d05e4-0090-4ccc-a10a-27e5895490d3	GET	/views/404	undefined
20250315	03:58:19	9a049ece-1fb6-46e9-a115-8db231512046	GET	/views/404	undefined
20250315	03:58:19	063a55f4-0f20-424d-89e5-37c701abb2bd	GET	/views/404	undefined
20250315	03:58:19	29fa19ef-a1a3-4cb9-9b93-d6f01b3e9cfa	GET	/views/404	undefined
20250315	03:58:19	c65aaad7-9af6-4129-9cbd-917e2808a409	GET	/views/404	undefined
20250315	03:58:19	1dccd42b-8e5e-4513-83ee-ebaf672bfa93	GET	/views/404	undefined
20250315	03:58:19	196cd55e-8236-442c-b5ae-46e4b4866ed7	GET	/views/404	undefined
20250315	03:58:19	610c1d05-5d36-42ec-962c-f563d52404d2	GET	/views/404	undefined
20250315	03:58:19	50f3550d-f5c2-46c5-b2df-d046dc59c73f	GET	/views/404	undefined
20250315	03:58:19	d42f0d41-5ca1-42d1-89ab-290c29f81010	GET	/views/404	undefined
20250315	03:58:19	492cb5df-f03d-4e28-a7ca-afd076b2c3a7	GET	/views/404	undefined
20250315	03:58:19	c58b7fab-9a9e-483c-aeaa-1fa6c5be33bc	GET	/views/404	undefined
20250315	03:58:19	e50e17c6-c424-4be1-9c1f-eec2f61e2b17	GET	/views/404	undefined
20250315	03:58:19	1f5d1ad8-0cb0-4141-a78a-23a9bcf6bbdb	GET	/views/404	undefined
20250315	03:58:19	0c9c5ab3-0336-44a6-a422-53c77680a26e	GET	/views/404	undefined
20250315	03:58:19	3161d9df-d6d7-45dd-9e20-a6ac2271e8e4	GET	/views/404	undefined
20250315	03:58:25	9a78c29e-73fe-4e4a-8316-1c2ba629f050	GET	/api/logout	undefined
20250315	03:58:25	afd0c548-34ff-4f29-8dea-5c738e49010a	GET	/views/404	undefined
20250315	03:58:25	73bf9dcb-5a5d-469d-a2e0-fc0dc05140bd	GET	/views/404	undefined
20250315	03:58:25	c5162d83-e970-4de7-a418-9d1bea578879	GET	/views/404	undefined
20250315	03:58:25	8956c28b-4736-4fd1-82e9-cf57c5f0da31	GET	/views/404	undefined
20250315	03:58:25	b2b3c861-fc04-4c25-b9aa-a6403ae869e0	GET	/views/404	undefined
20250315	03:58:25	e36fe011-5048-4e26-9a89-aa7038047ff6	GET	/views/404	undefined
20250315	03:58:25	79d07cd6-d8ba-439d-bc85-34e2e9e587ac	GET	/views/404	undefined
20250315	03:58:25	06333e57-2088-4766-bfe1-7983dac17d09	GET	/views/404	undefined
20250315	03:58:25	f3ebdabc-623a-4096-b6ba-ae3319d295d4	GET	/views/404	undefined
20250315	03:58:25	2dc041bb-9ea5-4359-86d5-8d24a1f8b9ad	GET	/views/404	undefined
20250315	03:58:25	37fca825-6940-4d82-9382-1babab2c9488	GET	/views/404	undefined
20250315	03:58:25	3760e7f9-499e-4c02-896f-1126d23ecfea	GET	/views/404	undefined
20250315	03:58:26	970a6d20-436b-42f6-82db-337360a47383	GET	/views/404	undefined
20250315	03:58:26	e93451c2-ddd8-4de0-adc5-fbf17da880c3	GET	/views/404	undefined
20250315	03:58:26	e4c25aa5-f66c-4b31-856f-582ac87bfa81	GET	/views/404	undefined
20250315	03:58:26	662d7311-cd9f-450b-9a7b-b460de4d9fca	GET	/views/404	undefined
20250315	03:58:26	3826d540-2d24-42f3-a7a5-402a173fe719	GET	/views/404	undefined
20250315	03:58:26	0d39fd3b-9b1e-4f0a-b9d4-88670fda1fa7	GET	/views/404	undefined
20250315	03:58:26	1a90e62b-f3a2-4d80-a367-aa48c13cfdb8	GET	/views/404	undefined
20250315	03:58:27	879a6a41-de66-4261-a4f8-cb96a307da29	GET	/views/404	undefined
20250315	03:58:27	6fefbc62-abae-44f6-a80c-e7f8ccd33894	GET	/views/404	undefined
20250315	03:58:27	5f27baf9-5166-4cc7-9a67-8eeec309a168	GET	/views/404	undefined
20250315	03:58:27	3c4a5dfe-38cd-40b2-adbc-a655cefe5d2f	GET	/views/404	undefined
20250315	03:58:27	2f00f734-dfe5-478b-9c88-49d87b824053	GET	/views/404	undefined
20250315	03:58:27	5e948a80-3ce9-42aa-b811-3ea76fee9328	GET	/views/404	undefined
20250315	03:58:27	74a4c7f3-6651-429f-90d8-882ed8940c23	GET	/views/404	undefined
20250315	03:58:27	88c445d6-d702-4049-bfd4-3b8b89b0c76a	GET	/views/404	undefined
20250315	03:58:27	e32fd3c8-e37f-418e-bdc3-2d6519d9cb67	GET	/views/404	undefined
20250315	03:58:27	2deaafd8-1685-4b74-b478-f180c2337b34	GET	/views/404	undefined
20250315	03:58:27	815deb28-d53c-41b1-9133-9a10476046dc	GET	/views/404	undefined
20250315	03:58:27	12b608b3-ea31-4765-8cdb-4252e40f0b1b	GET	/views/404	undefined
20250315	03:58:27	70065685-ae2c-4cd8-b038-a63c269cedaa	GET	/views/404	undefined
20250315	03:58:27	e66292e6-8f7e-4346-a345-38dfb86d2db8	GET	/views/404	undefined
20250315	03:58:27	782bb92a-f421-4602-b6ba-1109255dc65a	GET	/views/404	undefined
20250315	03:58:27	a4c755ac-4c9d-42e4-bbe3-e5e4e94e7a60	GET	/views/404	undefined
20250315	03:58:27	9c24a9c1-3e8b-4893-a889-e8d0bb47347b	GET	/views/404	undefined
20250315	03:58:27	e4c337ae-5c64-4721-a05c-a679c4854d71	GET	/views/404	undefined
20250315	03:58:27	dcfd59f9-8fe5-4698-94c0-023e0f708443	GET	/views/404	undefined
20250315	03:58:27	d6c61702-856e-4bfe-b5ab-112941f5b993	GET	/views/404	undefined
20250315	04:22:40	3197d37d-8ee1-43cd-8b5b-4b5ad08c3e86	POST	/api/login	http://localhost:5173
20250315	04:22:50	4006ff38-512b-4d50-b588-2297333d6333	POST	/api/login	http://localhost:5173
20250315	04:22:54	49794567-3939-424c-81ff-71a1eed576b9	POST	/api/login	http://localhost:5173
20250315	04:22:55	c85efeef-219a-434f-a172-6df249aa4857	POST	/api/login	http://localhost:5173
20250315	04:22:55	27fc5017-05d3-4890-9111-752993772c3f	POST	/api/login	http://localhost:5173
20250315	04:23:39	23e3cbc2-96b3-47b6-818f-fb4a386b082d	POST	/api/login	http://localhost:5173
20250315	04:26:09	53aa6712-d6a9-4656-a95b-e7eb97a3172b	POST	/api/login	http://localhost:5173
20250315	04:26:10	413c7ff0-91cd-49d4-8538-1840637f62ff	POST	/api/login	http://localhost:5173
